Could not find/open font when opening font "arial", using internal non-scalable font

	title is " rate", offset at ((character units) 0, 0, 0)


	title is " mean", offset at ((character units) 0, 0, 0)


	title is " stddev", offset at ((character units) 0, 0, 0)


	title is " max_sample", offset at ((character units) 0, 0, 0)

Warning: empty y range [180.813:180.813], adjusting to [179.005:182.621]

	title is " min_sample", offset at ((character units) 0, 0, 0)

Warning: empty y range [65.2861:65.2861], adjusting to [64.6333:65.939]
Could not find/open font when opening font "arial", using internal non-scalable font

	title is " rate", offset at ((character units) 0, 0, 0)


	title is " mean", offset at ((character units) 0, 0, 0)


	title is " stddev", offset at ((character units) 0, 0, 0)


	title is " max_sample", offset at ((character units) 0, 0, 0)

Warning: empty y range [180.813:180.813], adjusting to [179.005:182.621]

	title is " min_sample", offset at ((character units) 0, 0, 0)

Warning: empty y range [65.2861:65.2861], adjusting to [64.6333:65.939]
Could not find/open font when opening font "arial", using internal non-scalable font

	title is " rate", offset at ((character units) 0, 0, 0)


	title is " total", offset at ((character units) 0, 0, 0)

Could not find/open font when opening font "arial", using internal non-scalable font

	title is " rate", offset at ((character units) 0, 0, 0)


	title is " total", offset at ((character units) 0, 0, 0)

Could not find/open font when opening font "arial", using internal non-scalable font

	title is " Simultaneous users and opened TCP/UDP connections", offset at ((character units) 0, 0, 0)

Warning: empty y range [0:0], adjusting to [-1:1]

	title is " maximum_simultaneous", offset at ((character units) 0, 0, 0)

Warning: empty y range [1:1], adjusting to [0.99:1.01]
Could not find/open font when opening font "arial", using internal non-scalable font

	title is " Simultaneous users and opened TCP/UDP connections", offset at ((character units) 0, 0, 0)

Warning: empty y range [0:0], adjusting to [-1:1]

	title is " maximum_simultaneous", offset at ((character units) 0, 0, 0)

Warning: empty y range [1:1], adjusting to [0.99:1.01]
Could not find/open font when opening font "arial", using internal non-scalable font

	title is " Users arrival/departure rate", offset at ((character units) 0, 0, 0)


	title is " Total users", offset at ((character units) 0, 0, 0)

Could not find/open font when opening font "arial", using internal non-scalable font

	title is " Users arrival/departure rate", offset at ((character units) 0, 0, 0)


	title is " Total users", offset at ((character units) 0, 0, 0)

Could not find/open font when opening font "arial", using internal non-scalable font

	title is " rate", offset at ((character units) 0, 0, 0)

Warning: empty y range [0.125:0.125], adjusting to [0.12375:0.12625]

	title is " mean", offset at ((character units) 0, 0, 0)


	title is " stddev", offset at ((character units) 0, 0, 0)

Warning: empty y range [0:0], adjusting to [-1:1]

	title is " max_sample", offset at ((character units) 0, 0, 0)


	title is " min_sample", offset at ((character units) 0, 0, 0)

Warning: empty y range [0.114091:0.114091], adjusting to [0.11295:0.115232]
Could not find/open font when opening font "arial", using internal non-scalable font

	title is " rate", offset at ((character units) 0, 0, 0)

Warning: empty y range [0.125:0.125], adjusting to [0.12375:0.12625]

	title is " mean", offset at ((character units) 0, 0, 0)


	title is " stddev", offset at ((character units) 0, 0, 0)

Warning: empty y range [0:0], adjusting to [-1:1]

	title is " max_sample", offset at ((character units) 0, 0, 0)


	title is " min_sample", offset at ((character units) 0, 0, 0)

Warning: empty y range [0.114091:0.114091], adjusting to [0.11295:0.115232]
Could not find/open font when opening font "arial", using internal non-scalable font

	title is " rate", offset at ((character units) 0, 0, 0)

Warning: empty y range [0.125:0.125], adjusting to [0.12375:0.12625]

	title is " mean", offset at ((character units) 0, 0, 0)


	title is " stddev", offset at ((character units) 0, 0, 0)

Warning: empty y range [0:0], adjusting to [-1:1]

	title is " max_sample", offset at ((character units) 0, 0, 0)


	title is " min_sample", offset at ((character units) 0, 0, 0)

Warning: empty y range [3163.4:3163.4], adjusting to [3131.77:3195.04]
Could not find/open font when opening font "arial", using internal non-scalable font

	title is " rate", offset at ((character units) 0, 0, 0)

Warning: empty y range [0.125:0.125], adjusting to [0.12375:0.12625]

	title is " mean", offset at ((character units) 0, 0, 0)


	title is " stddev", offset at ((character units) 0, 0, 0)

Warning: empty y range [0:0], adjusting to [-1:1]

	title is " max_sample", offset at ((character units) 0, 0, 0)


	title is " min_sample", offset at ((character units) 0, 0, 0)

Warning: empty y range [3163.4:3163.4], adjusting to [3131.77:3195.04]
Could not find/open font when opening font "arial", using internal non-scalable font

	title is " rate", offset at ((character units) 0, 0, 0)

Warning: empty y range [0.125:0.125], adjusting to [0.12375:0.12625]

	title is " mean", offset at ((character units) 0, 0, 0)


	title is " stddev", offset at ((character units) 0, 0, 0)

Warning: empty y range [0:0], adjusting to [-1:1]

	title is " max_sample", offset at ((character units) 0, 0, 0)

Warning: empty y range [0.398438:0.398438], adjusting to [0.394453:0.402422]

	title is " min_sample", offset at ((character units) 0, 0, 0)

Could not find/open font when opening font "arial", using internal non-scalable font

	title is " rate", offset at ((character units) 0, 0, 0)

Warning: empty y range [0.125:0.125], adjusting to [0.12375:0.12625]

	title is " mean", offset at ((character units) 0, 0, 0)


	title is " stddev", offset at ((character units) 0, 0, 0)

Warning: empty y range [0:0], adjusting to [-1:1]

	title is " max_sample", offset at ((character units) 0, 0, 0)

Warning: empty y range [0.398438:0.398438], adjusting to [0.394453:0.402422]

	title is " min_sample", offset at ((character units) 0, 0, 0)

Could not find/open font when opening font "arial", using internal non-scalable font

	title is " rate", offset at ((character units) 0, 0, 0)

Warning: empty x range [8:8], adjusting to [7.92:8.08]
Warning: empty y range [0.125:0.125], adjusting to [0.12375:0.12625]

	title is " mean", offset at ((character units) 0, 0, 0)

Warning: empty x range [8:8], adjusting to [7.92:8.08]
Warning: empty y range [28:28], adjusting to [27.72:28.28]

	title is " stddev", offset at ((character units) 0, 0, 0)

Warning: empty x range [8:8], adjusting to [7.92:8.08]
Warning: empty y range [0:0], adjusting to [-1:1]

	title is " max_sample", offset at ((character units) 0, 0, 0)

Warning: empty x range [8:8], adjusting to [7.92:8.08]
Warning: empty y range [28:28], adjusting to [27.72:28.28]

	title is " min_sample", offset at ((character units) 0, 0, 0)

Warning: empty x range [8:8], adjusting to [7.92:8.08]
Warning: empty y range [28:28], adjusting to [27.72:28.28]
Could not find/open font when opening font "arial", using internal non-scalable font

	title is " rate", offset at ((character units) 0, 0, 0)

Warning: empty x range [8:8], adjusting to [7.92:8.08]
Warning: empty y range [0.125:0.125], adjusting to [0.12375:0.12625]

	title is " mean", offset at ((character units) 0, 0, 0)

Warning: empty x range [8:8], adjusting to [7.92:8.08]
Warning: empty y range [28:28], adjusting to [27.72:28.28]

	title is " stddev", offset at ((character units) 0, 0, 0)

Warning: empty x range [8:8], adjusting to [7.92:8.08]
Warning: empty y range [0:0], adjusting to [-1:1]

	title is " max_sample", offset at ((character units) 0, 0, 0)

Warning: empty x range [8:8], adjusting to [7.92:8.08]
Warning: empty y range [28:28], adjusting to [27.72:28.28]

	title is " min_sample", offset at ((character units) 0, 0, 0)

Warning: empty x range [8:8], adjusting to [7.92:8.08]
Warning: empty y range [28:28], adjusting to [27.72:28.28]
Could not find/open font when opening font "arial", using internal non-scalable font

	title is " rate", offset at ((character units) 0, 0, 0)

Warning: empty x range [8:8], adjusting to [7.92:8.08]
Warning: empty y range [0.125:0.125], adjusting to [0.12375:0.12625]

	title is " mean", offset at ((character units) 0, 0, 0)

Warning: empty x range [8:8], adjusting to [7.92:8.08]
Warning: empty y range [28:28], adjusting to [27.72:28.28]

	title is " stddev", offset at ((character units) 0, 0, 0)

Warning: empty x range [8:8], adjusting to [7.92:8.08]
Warning: empty y range [0:0], adjusting to [-1:1]

	title is " max_sample", offset at ((character units) 0, 0, 0)

Warning: empty x range [8:8], adjusting to [7.92:8.08]
Warning: empty y range [28:28], adjusting to [27.72:28.28]

	title is " min_sample", offset at ((character units) 0, 0, 0)

Warning: empty x range [8:8], adjusting to [7.92:8.08]
Warning: empty y range [28:28], adjusting to [27.72:28.28]
Could not find/open font when opening font "arial", using internal non-scalable font

	title is " rate", offset at ((character units) 0, 0, 0)

Warning: empty x range [8:8], adjusting to [7.92:8.08]
Warning: empty y range [0.125:0.125], adjusting to [0.12375:0.12625]

	title is " mean", offset at ((character units) 0, 0, 0)

Warning: empty x range [8:8], adjusting to [7.92:8.08]
Warning: empty y range [28:28], adjusting to [27.72:28.28]

	title is " stddev", offset at ((character units) 0, 0, 0)

Warning: empty x range [8:8], adjusting to [7.92:8.08]
Warning: empty y range [0:0], adjusting to [-1:1]

	title is " max_sample", offset at ((character units) 0, 0, 0)

Warning: empty x range [8:8], adjusting to [7.92:8.08]
Warning: empty y range [28:28], adjusting to [27.72:28.28]

	title is " min_sample", offset at ((character units) 0, 0, 0)

Warning: empty x range [8:8], adjusting to [7.92:8.08]
Warning: empty y range [28:28], adjusting to [27.72:28.28]
