# stats: dump at 1478730601
stats: users 0 1
stats: {load,"tsung_controller@ip-172-31-5-162"} 1 0.3984375 0 0.3984375 0.3984375 0 0
stats: {freemem,"tsung_controller@ip-172-31-5-162"} 1 3163.40234375 0 3163.40234375 3163.40234375 0 0
stats: {cpu,"tsung_controller@ip-172-31-5-162"} 1 0.11409083920505038 0 0.11409083920505038 0.11409083920505038 0 0
stats: session 6 85.22554524739583 42.77253445104111 180.813232421875 65.2861328125 0 0
stats: users_count 6 6
stats: finish_users_count 6 6
stats: error_connect_econnrefused 24 24
stats: error_abort_max_conn_retries 6 6
# stats: dump at 1478730609
stats: users 0 1
stats: {load,"tsung_controller@ip-172-31-5-162"} 1 0.33984375 0.0 0.3984375 0.33984375 0.3984375 1
stats: {freemem,"tsung_controller@ip-172-31-5-162"} 1 3163.6171875 0.0 3163.6171875 3163.40234375 3163.40234375 1
stats: {recvpackets,"tsung_controller@ip-172-31-5-162"} 1 28 0 28 28 0 0
stats: {sentpackets,"tsung_controller@ip-172-31-5-162"} 1 28 0 28 28 0 0
stats: {cpu,"tsung_controller@ip-172-31-5-162"} 1 2.551521099116781 0.0 2.551521099116781 0.11409083920505038 0.11409083920505038 1
stats: session 2 67.6485595703125 1.9144287109375 180.813232421875 65.2861328125 85.22554524739583 6
stats: users_count 2 8
stats: finish_users_count 2 8
stats: error_connect_econnrefused 8 32
stats: error_abort_max_conn_retries 2 8
EndMonitor:{1478,730609,427196}
