Could not find/open font when opening font "arial", using internal non-scalable font

	title is " rate", offset at ((character units) 0, 0, 0)


	title is " mean", offset at ((character units) 0, 0, 0)


	title is " stddev", offset at ((character units) 0, 0, 0)


	title is " max_sample", offset at ((character units) 0, 0, 0)

Warning: empty y range [164.149:164.149], adjusting to [162.508:165.791]

	title is " min_sample", offset at ((character units) 0, 0, 0)

Warning: empty y range [47.9851:47.9851], adjusting to [47.5053:48.465]
Could not find/open font when opening font "arial", using internal non-scalable font

	title is " rate", offset at ((character units) 0, 0, 0)


	title is " mean", offset at ((character units) 0, 0, 0)


	title is " stddev", offset at ((character units) 0, 0, 0)


	title is " max_sample", offset at ((character units) 0, 0, 0)

Warning: empty y range [164.149:164.149], adjusting to [162.508:165.791]

	title is " min_sample", offset at ((character units) 0, 0, 0)

Warning: empty y range [47.9851:47.9851], adjusting to [47.5053:48.465]
Could not find/open font when opening font "arial", using internal non-scalable font

	title is " HTTP Code Response rate", offset at ((character units) 0, 0, 0)


	title is " total", offset at ((character units) 0, 0, 0)

Could not find/open font when opening font "arial", using internal non-scalable font

	title is " HTTP Code Response rate", offset at ((character units) 0, 0, 0)


	title is " total", offset at ((character units) 0, 0, 0)

Could not find/open font when opening font "arial", using internal non-scalable font

	title is " Request and tcp/udp connection rate", offset at ((character units) 0, 0, 0)


	title is " Mean request (and connection) duration", offset at ((character units) 0, 0, 0)


	title is " stddev", offset at ((character units) 0, 0, 0)


	title is " max_sample", offset at ((character units) 0, 0, 0)


	title is " min_sample", offset at ((character units) 0, 0, 0)

Could not find/open font when opening font "arial", using internal non-scalable font

	title is " Request and tcp/udp connection rate", offset at ((character units) 0, 0, 0)


	title is " Mean request (and connection) duration", offset at ((character units) 0, 0, 0)


	title is " stddev", offset at ((character units) 0, 0, 0)


	title is " max_sample", offset at ((character units) 0, 0, 0)


	title is " min_sample", offset at ((character units) 0, 0, 0)

Could not find/open font when opening font "arial", using internal non-scalable font

	title is " Transaction and page rate", offset at ((character units) 0, 0, 0)


	title is " Mean transaction and page duration", offset at ((character units) 0, 0, 0)


	title is " stddev", offset at ((character units) 0, 0, 0)


	title is " max_sample", offset at ((character units) 0, 0, 0)

Warning: empty y range [160.395:160.395], adjusting to [158.791:161.999]

	title is " min_sample", offset at ((character units) 0, 0, 0)

Warning: empty y range [46.0762:46.0762], adjusting to [45.6154:46.5369]
Could not find/open font when opening font "arial", using internal non-scalable font

	title is " Transaction and page rate", offset at ((character units) 0, 0, 0)


	title is " Mean transaction and page duration", offset at ((character units) 0, 0, 0)


	title is " stddev", offset at ((character units) 0, 0, 0)


	title is " max_sample", offset at ((character units) 0, 0, 0)

Warning: empty y range [160.395:160.395], adjusting to [158.791:161.999]

	title is " min_sample", offset at ((character units) 0, 0, 0)

Warning: empty y range [46.0762:46.0762], adjusting to [45.6154:46.5369]
Could not find/open font when opening font "arial", using internal non-scalable font

	title is " Simultaneous users and opened TCP/UDP connections", offset at ((character units) 0, 0, 0)

Warning: empty y range [0:0], adjusting to [-1:1]

	title is " maximum_simultaneous", offset at ((character units) 0, 0, 0)

Could not find/open font when opening font "arial", using internal non-scalable font

	title is " Simultaneous users and opened TCP/UDP connections", offset at ((character units) 0, 0, 0)

Warning: empty y range [0:0], adjusting to [-1:1]

	title is " maximum_simultaneous", offset at ((character units) 0, 0, 0)

Could not find/open font when opening font "arial", using internal non-scalable font

	title is " Users arrival/departure rate", offset at ((character units) 0, 0, 0)


	title is " Total users", offset at ((character units) 0, 0, 0)

Could not find/open font when opening font "arial", using internal non-scalable font

	title is " Users arrival/departure rate", offset at ((character units) 0, 0, 0)


	title is " Total users", offset at ((character units) 0, 0, 0)

Could not find/open font when opening font "arial", using internal non-scalable font

	title is " Network throughput", offset at ((character units) 0, 0, 0)


	title is " Total send/receive bytes", offset at ((character units) 0, 0, 0)

Could not find/open font when opening font "arial", using internal non-scalable font

	title is " Network throughput", offset at ((character units) 0, 0, 0)


	title is " Total send/receive bytes", offset at ((character units) 0, 0, 0)

Could not find/open font when opening font "arial", using internal non-scalable font

	title is " rate", offset at ((character units) 0, 0, 0)

Warning: empty y range [0.142857:0.142857], adjusting to [0.141429:0.144286]

	title is " mean", offset at ((character units) 0, 0, 0)


	title is " stddev", offset at ((character units) 0, 0, 0)

Warning: empty y range [0:0], adjusting to [-1:1]

	title is " max_sample", offset at ((character units) 0, 0, 0)


	title is " min_sample", offset at ((character units) 0, 0, 0)

Warning: empty y range [0.113575:0.113575], adjusting to [0.112439:0.114711]
Could not find/open font when opening font "arial", using internal non-scalable font

	title is " rate", offset at ((character units) 0, 0, 0)

Warning: empty y range [0.142857:0.142857], adjusting to [0.141429:0.144286]

	title is " mean", offset at ((character units) 0, 0, 0)


	title is " stddev", offset at ((character units) 0, 0, 0)

Warning: empty y range [0:0], adjusting to [-1:1]

	title is " max_sample", offset at ((character units) 0, 0, 0)


	title is " min_sample", offset at ((character units) 0, 0, 0)

Warning: empty y range [0.113575:0.113575], adjusting to [0.112439:0.114711]
Could not find/open font when opening font "arial", using internal non-scalable font

	title is " rate", offset at ((character units) 0, 0, 0)

Warning: empty y range [0.142857:0.142857], adjusting to [0.141429:0.144286]

	title is " mean", offset at ((character units) 0, 0, 0)


	title is " stddev", offset at ((character units) 0, 0, 0)

Warning: empty y range [0:0], adjusting to [-1:1]

	title is " max_sample", offset at ((character units) 0, 0, 0)

Warning: empty y range [3164.05:3164.05], adjusting to [3132.41:3195.7]

	title is " min_sample", offset at ((character units) 0, 0, 0)

Could not find/open font when opening font "arial", using internal non-scalable font

	title is " rate", offset at ((character units) 0, 0, 0)

Warning: empty y range [0.142857:0.142857], adjusting to [0.141429:0.144286]

	title is " mean", offset at ((character units) 0, 0, 0)


	title is " stddev", offset at ((character units) 0, 0, 0)

Warning: empty y range [0:0], adjusting to [-1:1]

	title is " max_sample", offset at ((character units) 0, 0, 0)

Warning: empty y range [3164.05:3164.05], adjusting to [3132.41:3195.7]

	title is " min_sample", offset at ((character units) 0, 0, 0)

Could not find/open font when opening font "arial", using internal non-scalable font

	title is " rate", offset at ((character units) 0, 0, 0)

Warning: empty y range [0.142857:0.142857], adjusting to [0.141429:0.144286]

	title is " mean", offset at ((character units) 0, 0, 0)

Warning: empty y range [0:0], adjusting to [-1:1]

	title is " stddev", offset at ((character units) 0, 0, 0)

Warning: empty y range [0:0], adjusting to [-1:1]

	title is " max_sample", offset at ((character units) 0, 0, 0)

Warning: empty y range [0:0], adjusting to [-1:1]

	title is " min_sample", offset at ((character units) 0, 0, 0)

Warning: empty y range [0:0], adjusting to [-1:1]
Could not find/open font when opening font "arial", using internal non-scalable font

	title is " rate", offset at ((character units) 0, 0, 0)

Warning: empty y range [0.142857:0.142857], adjusting to [0.141429:0.144286]

	title is " mean", offset at ((character units) 0, 0, 0)

Warning: empty y range [0:0], adjusting to [-1:1]

	title is " stddev", offset at ((character units) 0, 0, 0)

Warning: empty y range [0:0], adjusting to [-1:1]

	title is " max_sample", offset at ((character units) 0, 0, 0)

Warning: empty y range [0:0], adjusting to [-1:1]

	title is " min_sample", offset at ((character units) 0, 0, 0)

Warning: empty y range [0:0], adjusting to [-1:1]
Could not find/open font when opening font "arial", using internal non-scalable font

	title is " rate", offset at ((character units) 0, 0, 0)

Warning: empty x range [7:7], adjusting to [6.93:7.07]
Warning: empty y range [0.142857:0.142857], adjusting to [0.141429:0.144286]

	title is " mean", offset at ((character units) 0, 0, 0)

Warning: empty x range [7:7], adjusting to [6.93:7.07]
Warning: empty y range [117:117], adjusting to [115.83:118.17]

	title is " stddev", offset at ((character units) 0, 0, 0)

Warning: empty x range [7:7], adjusting to [6.93:7.07]
Warning: empty y range [0:0], adjusting to [-1:1]

	title is " max_sample", offset at ((character units) 0, 0, 0)

Warning: empty x range [7:7], adjusting to [6.93:7.07]
Warning: empty y range [117:117], adjusting to [115.83:118.17]

	title is " min_sample", offset at ((character units) 0, 0, 0)

Warning: empty x range [7:7], adjusting to [6.93:7.07]
Warning: empty y range [117:117], adjusting to [115.83:118.17]
Could not find/open font when opening font "arial", using internal non-scalable font

	title is " rate", offset at ((character units) 0, 0, 0)

Warning: empty x range [7:7], adjusting to [6.93:7.07]
Warning: empty y range [0.142857:0.142857], adjusting to [0.141429:0.144286]

	title is " mean", offset at ((character units) 0, 0, 0)

Warning: empty x range [7:7], adjusting to [6.93:7.07]
Warning: empty y range [117:117], adjusting to [115.83:118.17]

	title is " stddev", offset at ((character units) 0, 0, 0)

Warning: empty x range [7:7], adjusting to [6.93:7.07]
Warning: empty y range [0:0], adjusting to [-1:1]

	title is " max_sample", offset at ((character units) 0, 0, 0)

Warning: empty x range [7:7], adjusting to [6.93:7.07]
Warning: empty y range [117:117], adjusting to [115.83:118.17]

	title is " min_sample", offset at ((character units) 0, 0, 0)

Warning: empty x range [7:7], adjusting to [6.93:7.07]
Warning: empty y range [117:117], adjusting to [115.83:118.17]
Could not find/open font when opening font "arial", using internal non-scalable font

	title is " rate", offset at ((character units) 0, 0, 0)

Warning: empty x range [7:7], adjusting to [6.93:7.07]
Warning: empty y range [0.142857:0.142857], adjusting to [0.141429:0.144286]

	title is " mean", offset at ((character units) 0, 0, 0)

Warning: empty x range [7:7], adjusting to [6.93:7.07]
Warning: empty y range [109:109], adjusting to [107.91:110.09]

	title is " stddev", offset at ((character units) 0, 0, 0)

Warning: empty x range [7:7], adjusting to [6.93:7.07]
Warning: empty y range [0:0], adjusting to [-1:1]

	title is " max_sample", offset at ((character units) 0, 0, 0)

Warning: empty x range [7:7], adjusting to [6.93:7.07]
Warning: empty y range [109:109], adjusting to [107.91:110.09]

	title is " min_sample", offset at ((character units) 0, 0, 0)

Warning: empty x range [7:7], adjusting to [6.93:7.07]
Warning: empty y range [109:109], adjusting to [107.91:110.09]
Could not find/open font when opening font "arial", using internal non-scalable font

	title is " rate", offset at ((character units) 0, 0, 0)

Warning: empty x range [7:7], adjusting to [6.93:7.07]
Warning: empty y range [0.142857:0.142857], adjusting to [0.141429:0.144286]

	title is " mean", offset at ((character units) 0, 0, 0)

Warning: empty x range [7:7], adjusting to [6.93:7.07]
Warning: empty y range [109:109], adjusting to [107.91:110.09]

	title is " stddev", offset at ((character units) 0, 0, 0)

Warning: empty x range [7:7], adjusting to [6.93:7.07]
Warning: empty y range [0:0], adjusting to [-1:1]

	title is " max_sample", offset at ((character units) 0, 0, 0)

Warning: empty x range [7:7], adjusting to [6.93:7.07]
Warning: empty y range [109:109], adjusting to [107.91:110.09]

	title is " min_sample", offset at ((character units) 0, 0, 0)

Warning: empty x range [7:7], adjusting to [6.93:7.07]
Warning: empty y range [109:109], adjusting to [107.91:110.09]
