# stats: dump at 1478728611
stats: users 0 1
stats: {load,"tsung_controller@ip-172-31-5-162"} 1 0.0 0 0.0 0.0 0 0
stats: {freemem,"tsung_controller@ip-172-31-5-162"} 1 3164.0546875 0 3164.0546875 3164.0546875 0 0
stats: {cpu,"tsung_controller@ip-172-31-5-162"} 1 0.11357476287447123 0 0.11357476287447123 0.11357476287447123 0 0
stats: session 8 67.9263916015625 36.692447194153175 164.149169921875 47.985107421875 0 0
stats: users_count 8 8
stats: finish_users_count 8 8
stats: request 7 66.20061383928571 38.56568597630568 160.39501953125 46.076171875 0 0
stats: connect 7 23.599434988839285 36.64137988577139 113.34716796875 7.950927734375 0 0
stats: page 7 66.20061383928571 38.56568597630568 160.39501953125 46.076171875 0 0
stats: 200 7 7
stats: size_rcv 75594 75594
stats: size_sent 980 980
stats: connected 0 0
# stats: dump at 1478728618
stats: users 0 1
stats: {load,"tsung_controller@ip-172-31-5-162"} 1 0.0 0.0 0.0 0.0 0.0 1
stats: {freemem,"tsung_controller@ip-172-31-5-162"} 1 3163.55859375 0.0 3164.0546875 3163.55859375 3164.0546875 1
stats: {recvpackets,"tsung_controller@ip-172-31-5-162"} 1 117 0 117 117 0 0
stats: {sentpackets,"tsung_controller@ip-172-31-5-162"} 1 109 0 109 109 0 0
stats: {cpu,"tsung_controller@ip-172-31-5-162"} 1 1.87192118226601 0.0 1.87192118226601 0.11357476287447123 0.11357476287447123 1
stats: session 2 66.904541015625 15.574462890625 164.149169921875 47.985107421875 67.9263916015625 8
stats: users_count 2 10
stats: finish_users_count 2 10
stats: request 3 64.197021484375 12.771524559448203 160.39501953125 46.076171875 66.20061383928571 7
stats: connect 3 8.937662760416666 0.17194045390707743 113.34716796875 7.950927734375 23.599434988839285 7
stats: page 3 64.197021484375 12.771524559448203 160.39501953125 46.076171875 66.20061383928571 7
stats: 200 3 10
stats: size_rcv 32400 107994
stats: size_sent 420 1400
stats: connected 0 0
EndMonitor:{1478,728618,326496}
