# stats: dump at 1478561174
stats: users 0 2
stats: {load,"tsung_controller@ip-172-31-5-162"} 1 0.0 0 0.0 0.0 0 0
stats: {freemem,"tsung_controller@ip-172-31-5-162"} 1 3164.2265625 0 3164.2265625 3164.2265625 0 0
stats: {cpu,"tsung_controller@ip-172-31-5-162"} 1 5.178910850291761 0 5.178910850291761 5.178910850291761 0 0
stats: session 8 70.26589965820313 37.60284597559893 169.159912109375 50.9990234375 0 0
stats: users_count 8 8
stats: finish_users_count 8 8
stats: request 8 68.08322143554688 36.79111424066244 164.81201171875 49.046875 0 0
stats: connect 8 22.717315673828125 36.98145832963964 120.52392578125 7.425048828125 0 0
stats: page 8 68.08322143554688 36.79111424066244 164.81201171875 49.046875 0 0
stats: 200 8 8
stats: size_rcv 91641 91641
stats: size_sent 1120 1120
stats: connected 0 0
# stats: dump at 1478561181
stats: users 0 2
stats: {load,"tsung_controller@ip-172-31-5-162"} 1 0.0 0.0 0.0 0.0 0.0 1
stats: {freemem,"tsung_controller@ip-172-31-5-162"} 1 3164.09765625 0.0 3164.2265625 3164.09765625 3164.2265625 1
stats: {recvpackets,"tsung_controller@ip-172-31-5-162"} 1 105 0 105 105 0 0
stats: {sentpackets,"tsung_controller@ip-172-31-5-162"} 1 92 0 92 92 0 0
stats: {cpu,"tsung_controller@ip-172-31-5-162"} 1 2.161100196463654 0.0 5.178910850291761 2.161100196463654 5.178910850291761 1
stats: session 2 52.1519775390625 1.7269287109375 169.159912109375 50.425048828125 70.26589965820313 8
stats: users_count 2 10
stats: finish_users_count 2 10
stats: request 2 50.2335205078125 1.7193603515625 164.81201171875 48.51416015625 68.08322143554688 8
stats: connect 2 8.195068359375 0.449951171875 120.52392578125 7.425048828125 22.717315673828125 8
stats: page 2 50.2335205078125 1.7193603515625 164.81201171875 48.51416015625 68.08322143554688 8
stats: 200 2 10
stats: size_rcv 22813 114454
stats: size_sent 280 1400
stats: connected 0 0
EndMonitor:{1478,561181,945552}
