Could not find/open font when opening font "arial", using internal non-scalable font

	title is " rate", offset at ((character units) 0, 0, 0)


	title is " mean", offset at ((character units) 0, 0, 0)


	title is " stddev", offset at ((character units) 0, 0, 0)


	title is " max_sample", offset at ((character units) 0, 0, 0)

Warning: empty y range [162.273:162.273], adjusting to [160.65:163.896]

	title is " min_sample", offset at ((character units) 0, 0, 0)

Warning: empty y range [45.019:45.019], adjusting to [44.5689:45.4692]
Could not find/open font when opening font "arial", using internal non-scalable font

	title is " rate", offset at ((character units) 0, 0, 0)


	title is " mean", offset at ((character units) 0, 0, 0)


	title is " stddev", offset at ((character units) 0, 0, 0)


	title is " max_sample", offset at ((character units) 0, 0, 0)

Warning: empty y range [162.273:162.273], adjusting to [160.65:163.896]

	title is " min_sample", offset at ((character units) 0, 0, 0)

Warning: empty y range [45.019:45.019], adjusting to [44.5689:45.4692]
Could not find/open font when opening font "arial", using internal non-scalable font

	title is " HTTP Code Response rate", offset at ((character units) 0, 0, 0)


	title is " total", offset at ((character units) 0, 0, 0)

Warning: empty y range [10:10], adjusting to [9.9:10.1]
Could not find/open font when opening font "arial", using internal non-scalable font

	title is " HTTP Code Response rate", offset at ((character units) 0, 0, 0)


	title is " total", offset at ((character units) 0, 0, 0)

Warning: empty y range [10:10], adjusting to [9.9:10.1]
Could not find/open font when opening font "arial", using internal non-scalable font

	title is " Request and tcp/udp connection rate", offset at ((character units) 0, 0, 0)


	title is " Mean request (and connection) duration", offset at ((character units) 0, 0, 0)


	title is " stddev", offset at ((character units) 0, 0, 0)


	title is " max_sample", offset at ((character units) 0, 0, 0)


	title is " min_sample", offset at ((character units) 0, 0, 0)

Could not find/open font when opening font "arial", using internal non-scalable font

	title is " Request and tcp/udp connection rate", offset at ((character units) 0, 0, 0)


	title is " Mean request (and connection) duration", offset at ((character units) 0, 0, 0)


	title is " stddev", offset at ((character units) 0, 0, 0)


	title is " max_sample", offset at ((character units) 0, 0, 0)


	title is " min_sample", offset at ((character units) 0, 0, 0)

Could not find/open font when opening font "arial", using internal non-scalable font

	title is " Transaction and page rate", offset at ((character units) 0, 0, 0)


	title is " Mean transaction and page duration", offset at ((character units) 0, 0, 0)


	title is " stddev", offset at ((character units) 0, 0, 0)


	title is " max_sample", offset at ((character units) 0, 0, 0)

Warning: empty y range [158.306:158.306], adjusting to [156.723:159.889]

	title is " min_sample", offset at ((character units) 0, 0, 0)

Warning: empty y range [43.103:43.103], adjusting to [42.672:43.5341]
Could not find/open font when opening font "arial", using internal non-scalable font

	title is " Transaction and page rate", offset at ((character units) 0, 0, 0)


	title is " Mean transaction and page duration", offset at ((character units) 0, 0, 0)


	title is " stddev", offset at ((character units) 0, 0, 0)


	title is " max_sample", offset at ((character units) 0, 0, 0)

Warning: empty y range [158.306:158.306], adjusting to [156.723:159.889]

	title is " min_sample", offset at ((character units) 0, 0, 0)

Warning: empty y range [43.103:43.103], adjusting to [42.672:43.5341]
Could not find/open font when opening font "arial", using internal non-scalable font

	title is " Simultaneous users and opened TCP/UDP connections", offset at ((character units) 0, 0, 0)

Warning: empty y range [0:0], adjusting to [-1:1]

	title is " maximum_simultaneous", offset at ((character units) 0, 0, 0)

Could not find/open font when opening font "arial", using internal non-scalable font

	title is " Simultaneous users and opened TCP/UDP connections", offset at ((character units) 0, 0, 0)

Warning: empty y range [0:0], adjusting to [-1:1]

	title is " maximum_simultaneous", offset at ((character units) 0, 0, 0)

Could not find/open font when opening font "arial", using internal non-scalable font

	title is " Users arrival/departure rate", offset at ((character units) 0, 0, 0)


	title is " Total users", offset at ((character units) 0, 0, 0)

Warning: empty y range [10:10], adjusting to [9.9:10.1]
Could not find/open font when opening font "arial", using internal non-scalable font

	title is " Users arrival/departure rate", offset at ((character units) 0, 0, 0)


	title is " Total users", offset at ((character units) 0, 0, 0)

Warning: empty y range [10:10], adjusting to [9.9:10.1]
Could not find/open font when opening font "arial", using internal non-scalable font

	title is " Network throughput", offset at ((character units) 0, 0, 0)


	title is " Total send/receive bytes", offset at ((character units) 0, 0, 0)

Could not find/open font when opening font "arial", using internal non-scalable font

	title is " Network throughput", offset at ((character units) 0, 0, 0)


	title is " Total send/receive bytes", offset at ((character units) 0, 0, 0)

Could not find/open font when opening font "arial", using internal non-scalable font

	title is " rate", offset at ((character units) 0, 0, 0)

Warning: empty y range [0.333333:0.333333], adjusting to [0.33:0.336667]

	title is " mean", offset at ((character units) 0, 0, 0)


	title is " stddev", offset at ((character units) 0, 0, 0)

Warning: empty y range [0:0], adjusting to [-1:1]

	title is " max_sample", offset at ((character units) 0, 0, 0)

Warning: empty y range [9.53904:9.53904], adjusting to [9.44365:9.63444]

	title is " min_sample", offset at ((character units) 0, 0, 0)

Could not find/open font when opening font "arial", using internal non-scalable font

	title is " rate", offset at ((character units) 0, 0, 0)

Warning: empty y range [0.333333:0.333333], adjusting to [0.33:0.336667]

	title is " mean", offset at ((character units) 0, 0, 0)


	title is " stddev", offset at ((character units) 0, 0, 0)

Warning: empty y range [0:0], adjusting to [-1:1]

	title is " max_sample", offset at ((character units) 0, 0, 0)

Warning: empty y range [9.53904:9.53904], adjusting to [9.44365:9.63444]

	title is " min_sample", offset at ((character units) 0, 0, 0)

Could not find/open font when opening font "arial", using internal non-scalable font

	title is " rate", offset at ((character units) 0, 0, 0)

Warning: empty y range [0.333333:0.333333], adjusting to [0.33:0.336667]

	title is " mean", offset at ((character units) 0, 0, 0)


	title is " stddev", offset at ((character units) 0, 0, 0)

Warning: empty y range [0:0], adjusting to [-1:1]

	title is " max_sample", offset at ((character units) 0, 0, 0)

Warning: empty y range [3165.43:3165.43], adjusting to [3133.77:3197.08]

	title is " min_sample", offset at ((character units) 0, 0, 0)

Could not find/open font when opening font "arial", using internal non-scalable font

	title is " rate", offset at ((character units) 0, 0, 0)

Warning: empty y range [0.333333:0.333333], adjusting to [0.33:0.336667]

	title is " mean", offset at ((character units) 0, 0, 0)


	title is " stddev", offset at ((character units) 0, 0, 0)

Warning: empty y range [0:0], adjusting to [-1:1]

	title is " max_sample", offset at ((character units) 0, 0, 0)

Warning: empty y range [3165.43:3165.43], adjusting to [3133.77:3197.08]

	title is " min_sample", offset at ((character units) 0, 0, 0)

Could not find/open font when opening font "arial", using internal non-scalable font

	title is " rate", offset at ((character units) 0, 0, 0)

Warning: empty y range [0.333333:0.333333], adjusting to [0.33:0.336667]

	title is " mean", offset at ((character units) 0, 0, 0)


	title is " stddev", offset at ((character units) 0, 0, 0)

Warning: empty y range [0:0], adjusting to [-1:1]

	title is " max_sample", offset at ((character units) 0, 0, 0)

Warning: empty y range [0.160156:0.160156], adjusting to [0.158555:0.161758]

	title is " min_sample", offset at ((character units) 0, 0, 0)

Could not find/open font when opening font "arial", using internal non-scalable font

	title is " rate", offset at ((character units) 0, 0, 0)

Warning: empty y range [0.333333:0.333333], adjusting to [0.33:0.336667]

	title is " mean", offset at ((character units) 0, 0, 0)


	title is " stddev", offset at ((character units) 0, 0, 0)

Warning: empty y range [0:0], adjusting to [-1:1]

	title is " max_sample", offset at ((character units) 0, 0, 0)

Warning: empty y range [0.160156:0.160156], adjusting to [0.158555:0.161758]

	title is " min_sample", offset at ((character units) 0, 0, 0)

Could not find/open font when opening font "arial", using internal non-scalable font

	title is " rate", offset at ((character units) 0, 0, 0)

Warning: empty x range [3:3], adjusting to [2.97:3.03]
Warning: empty y range [0.333333:0.333333], adjusting to [0.33:0.336667]

	title is " mean", offset at ((character units) 0, 0, 0)

Warning: empty x range [3:3], adjusting to [2.97:3.03]
Warning: empty y range [130:130], adjusting to [128.7:131.3]

	title is " stddev", offset at ((character units) 0, 0, 0)

Warning: empty x range [3:3], adjusting to [2.97:3.03]
Warning: empty y range [0:0], adjusting to [-1:1]

	title is " max_sample", offset at ((character units) 0, 0, 0)

Warning: empty x range [3:3], adjusting to [2.97:3.03]
Warning: empty y range [130:130], adjusting to [128.7:131.3]

	title is " min_sample", offset at ((character units) 0, 0, 0)

Warning: empty x range [3:3], adjusting to [2.97:3.03]
Warning: empty y range [130:130], adjusting to [128.7:131.3]
Could not find/open font when opening font "arial", using internal non-scalable font

	title is " rate", offset at ((character units) 0, 0, 0)

Warning: empty x range [3:3], adjusting to [2.97:3.03]
Warning: empty y range [0.333333:0.333333], adjusting to [0.33:0.336667]

	title is " mean", offset at ((character units) 0, 0, 0)

Warning: empty x range [3:3], adjusting to [2.97:3.03]
Warning: empty y range [130:130], adjusting to [128.7:131.3]

	title is " stddev", offset at ((character units) 0, 0, 0)

Warning: empty x range [3:3], adjusting to [2.97:3.03]
Warning: empty y range [0:0], adjusting to [-1:1]

	title is " max_sample", offset at ((character units) 0, 0, 0)

Warning: empty x range [3:3], adjusting to [2.97:3.03]
Warning: empty y range [130:130], adjusting to [128.7:131.3]

	title is " min_sample", offset at ((character units) 0, 0, 0)

Warning: empty x range [3:3], adjusting to [2.97:3.03]
Warning: empty y range [130:130], adjusting to [128.7:131.3]
Could not find/open font when opening font "arial", using internal non-scalable font

	title is " rate", offset at ((character units) 0, 0, 0)

Warning: empty x range [3:3], adjusting to [2.97:3.03]
Warning: empty y range [0.333333:0.333333], adjusting to [0.33:0.336667]

	title is " mean", offset at ((character units) 0, 0, 0)

Warning: empty x range [3:3], adjusting to [2.97:3.03]
Warning: empty y range [109:109], adjusting to [107.91:110.09]

	title is " stddev", offset at ((character units) 0, 0, 0)

Warning: empty x range [3:3], adjusting to [2.97:3.03]
Warning: empty y range [0:0], adjusting to [-1:1]

	title is " max_sample", offset at ((character units) 0, 0, 0)

Warning: empty x range [3:3], adjusting to [2.97:3.03]
Warning: empty y range [109:109], adjusting to [107.91:110.09]

	title is " min_sample", offset at ((character units) 0, 0, 0)

Warning: empty x range [3:3], adjusting to [2.97:3.03]
Warning: empty y range [109:109], adjusting to [107.91:110.09]
Could not find/open font when opening font "arial", using internal non-scalable font

	title is " rate", offset at ((character units) 0, 0, 0)

Warning: empty x range [3:3], adjusting to [2.97:3.03]
Warning: empty y range [0.333333:0.333333], adjusting to [0.33:0.336667]

	title is " mean", offset at ((character units) 0, 0, 0)

Warning: empty x range [3:3], adjusting to [2.97:3.03]
Warning: empty y range [109:109], adjusting to [107.91:110.09]

	title is " stddev", offset at ((character units) 0, 0, 0)

Warning: empty x range [3:3], adjusting to [2.97:3.03]
Warning: empty y range [0:0], adjusting to [-1:1]

	title is " max_sample", offset at ((character units) 0, 0, 0)

Warning: empty x range [3:3], adjusting to [2.97:3.03]
Warning: empty y range [109:109], adjusting to [107.91:110.09]

	title is " min_sample", offset at ((character units) 0, 0, 0)

Warning: empty x range [3:3], adjusting to [2.97:3.03]
Warning: empty y range [109:109], adjusting to [107.91:110.09]
Could not find/open font when opening font "arial", using internal non-scalable font

	title is " rate", offset at ((character units) 0, 0, 0)


	title is " mean", offset at ((character units) 0, 0, 0)


	title is " stddev", offset at ((character units) 0, 0, 0)


	title is " max_sample", offset at ((character units) 0, 0, 0)

Warning: empty y range [162.273:162.273], adjusting to [160.65:163.896]

	title is " min_sample", offset at ((character units) 0, 0, 0)

Warning: empty y range [45.019:45.019], adjusting to [44.5689:45.4692]
Could not find/open font when opening font "arial", using internal non-scalable font

	title is " rate", offset at ((character units) 0, 0, 0)


	title is " mean", offset at ((character units) 0, 0, 0)


	title is " stddev", offset at ((character units) 0, 0, 0)


	title is " max_sample", offset at ((character units) 0, 0, 0)

Warning: empty y range [162.273:162.273], adjusting to [160.65:163.896]

	title is " min_sample", offset at ((character units) 0, 0, 0)

Warning: empty y range [45.019:45.019], adjusting to [44.5689:45.4692]
Could not find/open font when opening font "arial", using internal non-scalable font

	title is " HTTP Code Response rate", offset at ((character units) 0, 0, 0)


	title is " total", offset at ((character units) 0, 0, 0)

Warning: empty y range [10:10], adjusting to [9.9:10.1]
Could not find/open font when opening font "arial", using internal non-scalable font

	title is " HTTP Code Response rate", offset at ((character units) 0, 0, 0)


	title is " total", offset at ((character units) 0, 0, 0)

Warning: empty y range [10:10], adjusting to [9.9:10.1]
Could not find/open font when opening font "arial", using internal non-scalable font

	title is " Request and tcp/udp connection rate", offset at ((character units) 0, 0, 0)


	title is " Mean request (and connection) duration", offset at ((character units) 0, 0, 0)


	title is " stddev", offset at ((character units) 0, 0, 0)


	title is " max_sample", offset at ((character units) 0, 0, 0)


	title is " min_sample", offset at ((character units) 0, 0, 0)

Could not find/open font when opening font "arial", using internal non-scalable font

	title is " Request and tcp/udp connection rate", offset at ((character units) 0, 0, 0)


	title is " Mean request (and connection) duration", offset at ((character units) 0, 0, 0)


	title is " stddev", offset at ((character units) 0, 0, 0)


	title is " max_sample", offset at ((character units) 0, 0, 0)


	title is " min_sample", offset at ((character units) 0, 0, 0)

Could not find/open font when opening font "arial", using internal non-scalable font

	title is " Transaction and page rate", offset at ((character units) 0, 0, 0)


	title is " Mean transaction and page duration", offset at ((character units) 0, 0, 0)


	title is " stddev", offset at ((character units) 0, 0, 0)


	title is " max_sample", offset at ((character units) 0, 0, 0)

Warning: empty y range [158.306:158.306], adjusting to [156.723:159.889]

	title is " min_sample", offset at ((character units) 0, 0, 0)

Warning: empty y range [43.103:43.103], adjusting to [42.672:43.5341]
Could not find/open font when opening font "arial", using internal non-scalable font

	title is " Transaction and page rate", offset at ((character units) 0, 0, 0)


	title is " Mean transaction and page duration", offset at ((character units) 0, 0, 0)


	title is " stddev", offset at ((character units) 0, 0, 0)


	title is " max_sample", offset at ((character units) 0, 0, 0)

Warning: empty y range [158.306:158.306], adjusting to [156.723:159.889]

	title is " min_sample", offset at ((character units) 0, 0, 0)

Warning: empty y range [43.103:43.103], adjusting to [42.672:43.5341]
Could not find/open font when opening font "arial", using internal non-scalable font

	title is " Simultaneous users and opened TCP/UDP connections", offset at ((character units) 0, 0, 0)

Warning: empty y range [0:0], adjusting to [-1:1]

	title is " maximum_simultaneous", offset at ((character units) 0, 0, 0)

Could not find/open font when opening font "arial", using internal non-scalable font

	title is " Simultaneous users and opened TCP/UDP connections", offset at ((character units) 0, 0, 0)

Warning: empty y range [0:0], adjusting to [-1:1]

	title is " maximum_simultaneous", offset at ((character units) 0, 0, 0)

Could not find/open font when opening font "arial", using internal non-scalable font

	title is " Users arrival/departure rate", offset at ((character units) 0, 0, 0)


	title is " Total users", offset at ((character units) 0, 0, 0)

Warning: empty y range [10:10], adjusting to [9.9:10.1]
Could not find/open font when opening font "arial", using internal non-scalable font

	title is " Users arrival/departure rate", offset at ((character units) 0, 0, 0)


	title is " Total users", offset at ((character units) 0, 0, 0)

Warning: empty y range [10:10], adjusting to [9.9:10.1]
Could not find/open font when opening font "arial", using internal non-scalable font

	title is " Network throughput", offset at ((character units) 0, 0, 0)


	title is " Total send/receive bytes", offset at ((character units) 0, 0, 0)

Could not find/open font when opening font "arial", using internal non-scalable font

	title is " Network throughput", offset at ((character units) 0, 0, 0)


	title is " Total send/receive bytes", offset at ((character units) 0, 0, 0)

Could not find/open font when opening font "arial", using internal non-scalable font

	title is " rate", offset at ((character units) 0, 0, 0)

Warning: empty y range [0.333333:0.333333], adjusting to [0.33:0.336667]

	title is " mean", offset at ((character units) 0, 0, 0)


	title is " stddev", offset at ((character units) 0, 0, 0)

Warning: empty y range [0:0], adjusting to [-1:1]

	title is " max_sample", offset at ((character units) 0, 0, 0)

Warning: empty y range [9.53904:9.53904], adjusting to [9.44365:9.63444]

	title is " min_sample", offset at ((character units) 0, 0, 0)

Could not find/open font when opening font "arial", using internal non-scalable font

	title is " rate", offset at ((character units) 0, 0, 0)

Warning: empty y range [0.333333:0.333333], adjusting to [0.33:0.336667]

	title is " mean", offset at ((character units) 0, 0, 0)


	title is " stddev", offset at ((character units) 0, 0, 0)

Warning: empty y range [0:0], adjusting to [-1:1]

	title is " max_sample", offset at ((character units) 0, 0, 0)

Warning: empty y range [9.53904:9.53904], adjusting to [9.44365:9.63444]

	title is " min_sample", offset at ((character units) 0, 0, 0)

Could not find/open font when opening font "arial", using internal non-scalable font

	title is " rate", offset at ((character units) 0, 0, 0)

Warning: empty y range [0.333333:0.333333], adjusting to [0.33:0.336667]

	title is " mean", offset at ((character units) 0, 0, 0)


	title is " stddev", offset at ((character units) 0, 0, 0)

Warning: empty y range [0:0], adjusting to [-1:1]

	title is " max_sample", offset at ((character units) 0, 0, 0)

Warning: empty y range [3165.43:3165.43], adjusting to [3133.77:3197.08]

	title is " min_sample", offset at ((character units) 0, 0, 0)

Could not find/open font when opening font "arial", using internal non-scalable font

	title is " rate", offset at ((character units) 0, 0, 0)

Warning: empty y range [0.333333:0.333333], adjusting to [0.33:0.336667]

	title is " mean", offset at ((character units) 0, 0, 0)


	title is " stddev", offset at ((character units) 0, 0, 0)

Warning: empty y range [0:0], adjusting to [-1:1]

	title is " max_sample", offset at ((character units) 0, 0, 0)

Warning: empty y range [3165.43:3165.43], adjusting to [3133.77:3197.08]

	title is " min_sample", offset at ((character units) 0, 0, 0)

Could not find/open font when opening font "arial", using internal non-scalable font

	title is " rate", offset at ((character units) 0, 0, 0)

Warning: empty y range [0.333333:0.333333], adjusting to [0.33:0.336667]

	title is " mean", offset at ((character units) 0, 0, 0)


	title is " stddev", offset at ((character units) 0, 0, 0)

Warning: empty y range [0:0], adjusting to [-1:1]

	title is " max_sample", offset at ((character units) 0, 0, 0)

Warning: empty y range [0.160156:0.160156], adjusting to [0.158555:0.161758]

	title is " min_sample", offset at ((character units) 0, 0, 0)

Could not find/open font when opening font "arial", using internal non-scalable font

	title is " rate", offset at ((character units) 0, 0, 0)

Warning: empty y range [0.333333:0.333333], adjusting to [0.33:0.336667]

	title is " mean", offset at ((character units) 0, 0, 0)


	title is " stddev", offset at ((character units) 0, 0, 0)

Warning: empty y range [0:0], adjusting to [-1:1]

	title is " max_sample", offset at ((character units) 0, 0, 0)

Warning: empty y range [0.160156:0.160156], adjusting to [0.158555:0.161758]

	title is " min_sample", offset at ((character units) 0, 0, 0)

Could not find/open font when opening font "arial", using internal non-scalable font

	title is " rate", offset at ((character units) 0, 0, 0)

Warning: empty x range [3:3], adjusting to [2.97:3.03]
Warning: empty y range [0.333333:0.333333], adjusting to [0.33:0.336667]

	title is " mean", offset at ((character units) 0, 0, 0)

Warning: empty x range [3:3], adjusting to [2.97:3.03]
Warning: empty y range [130:130], adjusting to [128.7:131.3]

	title is " stddev", offset at ((character units) 0, 0, 0)

Warning: empty x range [3:3], adjusting to [2.97:3.03]
Warning: empty y range [0:0], adjusting to [-1:1]

	title is " max_sample", offset at ((character units) 0, 0, 0)

Warning: empty x range [3:3], adjusting to [2.97:3.03]
Warning: empty y range [130:130], adjusting to [128.7:131.3]

	title is " min_sample", offset at ((character units) 0, 0, 0)

Warning: empty x range [3:3], adjusting to [2.97:3.03]
Warning: empty y range [130:130], adjusting to [128.7:131.3]
Could not find/open font when opening font "arial", using internal non-scalable font

	title is " rate", offset at ((character units) 0, 0, 0)

Warning: empty x range [3:3], adjusting to [2.97:3.03]
Warning: empty y range [0.333333:0.333333], adjusting to [0.33:0.336667]

	title is " mean", offset at ((character units) 0, 0, 0)

Warning: empty x range [3:3], adjusting to [2.97:3.03]
Warning: empty y range [130:130], adjusting to [128.7:131.3]

	title is " stddev", offset at ((character units) 0, 0, 0)

Warning: empty x range [3:3], adjusting to [2.97:3.03]
Warning: empty y range [0:0], adjusting to [-1:1]

	title is " max_sample", offset at ((character units) 0, 0, 0)

Warning: empty x range [3:3], adjusting to [2.97:3.03]
Warning: empty y range [130:130], adjusting to [128.7:131.3]

	title is " min_sample", offset at ((character units) 0, 0, 0)

Warning: empty x range [3:3], adjusting to [2.97:3.03]
Warning: empty y range [130:130], adjusting to [128.7:131.3]
Could not find/open font when opening font "arial", using internal non-scalable font

	title is " rate", offset at ((character units) 0, 0, 0)

Warning: empty x range [3:3], adjusting to [2.97:3.03]
Warning: empty y range [0.333333:0.333333], adjusting to [0.33:0.336667]

	title is " mean", offset at ((character units) 0, 0, 0)

Warning: empty x range [3:3], adjusting to [2.97:3.03]
Warning: empty y range [109:109], adjusting to [107.91:110.09]

	title is " stddev", offset at ((character units) 0, 0, 0)

Warning: empty x range [3:3], adjusting to [2.97:3.03]
Warning: empty y range [0:0], adjusting to [-1:1]

	title is " max_sample", offset at ((character units) 0, 0, 0)

Warning: empty x range [3:3], adjusting to [2.97:3.03]
Warning: empty y range [109:109], adjusting to [107.91:110.09]

	title is " min_sample", offset at ((character units) 0, 0, 0)

Warning: empty x range [3:3], adjusting to [2.97:3.03]
Warning: empty y range [109:109], adjusting to [107.91:110.09]
Could not find/open font when opening font "arial", using internal non-scalable font

	title is " rate", offset at ((character units) 0, 0, 0)

Warning: empty x range [3:3], adjusting to [2.97:3.03]
Warning: empty y range [0.333333:0.333333], adjusting to [0.33:0.336667]

	title is " mean", offset at ((character units) 0, 0, 0)

Warning: empty x range [3:3], adjusting to [2.97:3.03]
Warning: empty y range [109:109], adjusting to [107.91:110.09]

	title is " stddev", offset at ((character units) 0, 0, 0)

Warning: empty x range [3:3], adjusting to [2.97:3.03]
Warning: empty y range [0:0], adjusting to [-1:1]

	title is " max_sample", offset at ((character units) 0, 0, 0)

Warning: empty x range [3:3], adjusting to [2.97:3.03]
Warning: empty y range [109:109], adjusting to [107.91:110.09]

	title is " min_sample", offset at ((character units) 0, 0, 0)

Warning: empty x range [3:3], adjusting to [2.97:3.03]
Warning: empty y range [109:109], adjusting to [107.91:110.09]
