# stats: dump at 1478559770
stats: users 0 1
stats: {load,"tsung_controller@ip-172-31-5-162"} 1 0.16015625 0 0.16015625 0.16015625 0 0
stats: {freemem,"tsung_controller@ip-172-31-5-162"} 1 3165.42578125 0 3165.42578125 3165.42578125 0 0
stats: {cpu,"tsung_controller@ip-172-31-5-162"} 1 9.539044910534423 0 9.539044910534423 9.539044910534423 0 0
stats: session 10 63.061083984375 33.30694487718915 162.27294921875 45.01904296875 0 0
stats: users_count 10 10
stats: finish_users_count 10 10
stats: request 10 60.705712890625 32.773528641802486 158.305908203125 43.10302734375 0 0
stats: connect 10 19.7470947265625 31.674720998085125 114.715087890625 7.886962890625 0 0
stats: page 10 60.705712890625 32.773528641802486 158.305908203125 43.10302734375 0 0
stats: 200 10 10
stats: size_rcv 114667 114667
stats: size_sent 1400 1400
stats: connected 0 0
# stats: dump at 1478559773
stats: users 0 1
stats: {load,"tsung_controller@ip-172-31-5-162"} 1 0.140625 0.0 0.16015625 0.140625 0.16015625 1
stats: {freemem,"tsung_controller@ip-172-31-5-162"} 1 3165.32421875 0.0 3165.42578125 3165.32421875 3165.42578125 1
stats: {recvpackets,"tsung_controller@ip-172-31-5-162"} 1 130 0 130 130 0 0
stats: {sentpackets,"tsung_controller@ip-172-31-5-162"} 1 109 0 109 109 0 0
stats: {cpu,"tsung_controller@ip-172-31-5-162"} 1 2.2504892367906066 0.0 9.539044910534423 2.2504892367906066 9.539044910534423 1
stats: session 0 0 0 162.27294921875 45.01904296875 63.061083984375 10
stats: users_count 0 10
stats: finish_users_count 0 10
stats: request 0 0 0 158.305908203125 43.10302734375 60.705712890625 10
stats: connect 0 0 0 114.715087890625 7.886962890625 19.7470947265625 10
stats: page 0 0 0 158.305908203125 43.10302734375 60.705712890625 10
stats: 200 0 10
stats: size_rcv 0 114667
stats: size_sent 0 1400
stats: connected 0 0
EndMonitor:{1478,559773,781425}
