# stats: dump at 1478730864
stats: users 0 1
stats: {load,"tsung_controller@ip-172-31-5-162"} 1 0.01171875 0 0.01171875 0.01171875 0 0
stats: {freemem,"tsung_controller@ip-172-31-5-162"} 1 3162.91015625 0 3162.91015625 3162.91015625 0 0
stats: {cpu,"tsung_controller@ip-172-31-5-162"} 1 0.11526623547076485 0 0.11526623547076485 0.11526623547076485 0 0
stats: session 10 20.1787353515625 36.254003151228865 128.93798828125 7.68505859375 0 0
stats: users_count 10 10
stats: finish_users_count 10 10
stats: request 10 18.1037109375 35.72203363689204 125.26708984375 5.7890625 0 0
stats: connect 10 12.792163085937501 34.386494003414256 115.950927734375 1.14990234375 0 0
stats: page 10 18.1037109375 35.72203363689204 125.26708984375 5.7890625 0 0
stats: 200 10 10
stats: size_rcv 16629 16629
stats: size_sent 1760 1760
stats: connected 0 0
# stats: dump at 1478730868
stats: users 0 1
stats: {load,"tsung_controller@ip-172-31-5-162"} 1 0.0 0.0 0.01171875 0.0 0.01171875 1
stats: {freemem,"tsung_controller@ip-172-31-5-162"} 1 3163.5546875 0.0 3163.5546875 3162.91015625 3162.91015625 1
stats: {recvpackets,"tsung_controller@ip-172-31-5-162"} 1 79 0 79 79 0 0
stats: {sentpackets,"tsung_controller@ip-172-31-5-162"} 1 98 0 98 98 0 0
stats: {cpu,"tsung_controller@ip-172-31-5-162"} 1 2.259332023575639 0.0 2.259332023575639 0.11526623547076485 0.11526623547076485 1
stats: session 0 0 0 128.93798828125 7.68505859375 20.1787353515625 10
stats: users_count 0 10
stats: finish_users_count 0 10
stats: request 0 0 0 125.26708984375 5.7890625 18.1037109375 10
stats: connect 0 0 0 115.950927734375 1.14990234375 12.792163085937501 10
stats: page 0 0 0 125.26708984375 5.7890625 18.1037109375 10
stats: 200 0 10
stats: size_rcv 0 16629
stats: size_sent 0 1760
stats: connected 0 0
EndMonitor:{1478,730868,181453}
