# stats: dump at 1478559404
stats: users 0 2
stats: {load,"tsung_controller@ip-172-31-5-162"} 1 0.3984375 0 0.3984375 0.3984375 0 0
stats: {freemem,"tsung_controller@ip-172-31-5-162"} 1 3166.03125 0 3166.03125 3166.03125 0 0
stats: {cpu,"tsung_controller@ip-172-31-5-162"} 1 12.210265904552474 0 12.210265904552474 12.210265904552474 0 0
stats: session 10 62.341259765625 31.69081749390699 157.138916015625 47.512939453125 0 0
stats: users_count 10 10
stats: finish_users_count 10 10
stats: request 10 60.19462890625 31.10031972763712 153.214111328125 45.511962890625 0 0
stats: connect 10 18.825048828125 31.316800929824375 112.7431640625 6.715087890625 0 0
stats: page 10 60.19462890625 31.10031972763712 153.214111328125 45.511962890625 0 0
stats: 200 10 10
stats: size_rcv 114690 114690
stats: size_sent 1400 1400
stats: connected 0 0
# stats: dump at 1478559406
stats: users 0 2
stats: {load,"tsung_controller@ip-172-31-5-162"} 1 0.33984375 0.0 0.3984375 0.33984375 0.3984375 1
stats: {freemem,"tsung_controller@ip-172-31-5-162"} 1 3166.09375 0.0 3166.09375 3166.03125 3166.03125 1
stats: {recvpackets,"tsung_controller@ip-172-31-5-162"} 1 132 0 132 132 0 0
stats: {sentpackets,"tsung_controller@ip-172-31-5-162"} 1 114 0 114 114 0 0
stats: {cpu,"tsung_controller@ip-172-31-5-162"} 1 1.8682399213372665 0.0 12.210265904552474 1.8682399213372665 12.210265904552474 1
stats: session 0 0 0 157.138916015625 47.512939453125 62.341259765625 10
stats: users_count 0 10
stats: finish_users_count 0 10
stats: request 0 0 0 153.214111328125 45.511962890625 60.19462890625 10
stats: connect 0 0 0 112.7431640625 6.715087890625 18.825048828125 10
stats: page 0 0 0 153.214111328125 45.511962890625 60.19462890625 10
stats: 200 0 10
stats: size_rcv 0 114690
stats: size_sent 0 1400
stats: connected 0 0
EndMonitor:{1478,559406,359486}
