
=INFO REPORT==== 7-Nov-2016::22:56:34 ===
    ts_config_server:(5:<0.55.0>) Config server started, logdir is "/home/ec2-user/.tsung/log/20161107-2256"
 
=INFO REPORT==== 7-Nov-2016::22:56:34 ===
              ts_mon:(5:<0.54.0>) starting monitor, global 

=INFO REPORT==== 7-Nov-2016::22:56:34 ===
           ts_config:(5:<0.55.0>) Reading config file: simple.xml

=INFO REPORT==== 7-Nov-2016::22:56:34 ===
      ts_config_http:(4:<0.55.0>) Get user agent: 100 "Mozilla/5.0 (Windows; U; Windows NT 5.2; fr-FR; rv:1.7.8) Gecko/20050511 Firefox/1.0.4" 

=INFO REPORT==== 7-Nov-2016::22:56:34 ===
           ts_config:(5:<0.55.0>) Session name for id 1 is "http-example"

=INFO REPORT==== 7-Nov-2016::22:56:34 ===
    ts_config_server:(4:<0.55.0>) SYSINFO:Tsung version: 1.6.0

=INFO REPORT==== 7-Nov-2016::22:56:34 ===
    ts_config_server:(4:<0.55.0>) SYSINFO:Erlang version: Erlang R14B04 (erts-5.8.5) [source] [64-bit] [rq:1] [async-threads:8] [kernel-poll:true]


=INFO REPORT==== 7-Nov-2016::22:56:34 ===
    ts_config_server:(4:<0.55.0>) SYSINFO:System architecture x86_64-redhat-linux-gnu

=INFO REPORT==== 7-Nov-2016::22:56:34 ===
    ts_config_server:(4:<0.55.0>) SYSINFO:Current path: /usr/lib/erlang/lib/tsung-1.6.0/ebin/tsung.beam

=INFO REPORT==== 7-Nov-2016::22:56:34 ===
              ts_mon:(5:<0.56.0>) Activate clients with text backend

=INFO REPORT==== 7-Nov-2016::22:56:34 ===
              ts_mon:(5:<0.56.0>) Starting tsung clients on hosts: [localhost]

=INFO REPORT==== 7-Nov-2016::22:56:34 ===
    ts_config_server:(5:<0.55.0>) Start a launcher on the controller beam localhost

=INFO REPORT==== 7-Nov-2016::22:56:34 ===
  ts_launcher_static:(5:<0.111.0>) Launch msg receive ("localhost")

=INFO REPORT==== 7-Nov-2016::22:56:34 ===
         ts_launcher:(5:<0.112.0>) Launch msg receive ("localhost")

=INFO REPORT==== 7-Nov-2016::22:56:34 ===
    ts_config_server:(5:<0.55.0>) All remote beams started, syncing 

=INFO REPORT==== 7-Nov-2016::22:56:34 ===
    ts_config_server:(5:<0.55.0>) Undefined ports_range config 

=INFO REPORT==== 7-Nov-2016::22:56:34 ===
    ts_config_server:(5:<0.55.0>) New arrival phase 1 for client "localhost" (last ? true): will start 10 users

=INFO REPORT==== 7-Nov-2016::22:56:34 ===
         ts_launcher:(5:<0.112.0>) Expected duration of first phase: 10.0 sec (10 users) 

=INFO REPORT==== 7-Nov-2016::22:56:35 ===
         ts_launcher:(5:<0.112.0>) Activate launcher (10 users) in 503 msec 

=INFO REPORT==== 7-Nov-2016::22:56:40 ===
         ts_launcher:(5:<0.112.0>) This was the last phase, wait for connected users to finish their session

=INFO REPORT==== 7-Nov-2016::22:56:45 ===
     ts_launcher_mgr:(5:<0.106.0>) No more active users 'tsung_controller@ip-172-31-5-162' "6325"

=INFO REPORT==== 7-Nov-2016::22:56:46 ===
              ts_mon:(5:<0.56.0>) stopping monitor (normal)
